-------------------------------------------------------------------------------
Test set: TestSuite
-------------------------------------------------------------------------------
Tests run: 4, Failures: 1, Errors: 0, Skipped: 3, Time elapsed: 1.933 s <<< FAILURE! - in TestSuite
ai.iamneo.testing.Testing_Selenium_TestNg.AppTest.beforeTest  Time elapsed: 1.724 s  <<< FAILURE!
org.openqa.selenium.SessionNotCreatedException: 
Could not start a new session. Unable to parse remote response: <!DOCTYPE html>
<html>

<head>
    <title>Online Shopping India Mobile, Cameras, Lifestyle & more Online @ Flipkart.com</title>
    <meta http-equiv="X-UA-Compatible" content="IE=edge">
    <meta name="viewport" content="width=device-width,minimum-scale=1,user-scalable=no">
    <style type="text/css">
        html,
        body {
            font-family: Roboto, Arial, sans-serif;
            height: 100%;
            margin: 0;
        }

        .button {
            background-color: #2874f0;
            color: #fff;
            padding: 10px 20px;
            text-align: center;
            box-shadow: 0 2px 4px 0 rgba(0, 0, 0, .2);
            cursor: pointer;
            font-size: 16px;
            margin-top: 25px;
            border-radius: 2px;
            text-decoration: none;
        }
    </style>
</head>

<body>
    <div style="background-color:#2874f0; height:78px; text-align:center;">
        <div style="width: 100%; margin: 0 auto; padding-top: 2px; text-align:left;">
            <div style="margin-top: 15px; text-align: center">
                <img width="149" src="http://img1a.flixcart.com/www/linchpin/fk-cp-zion/img/fk-logo_9fddff.png" style="border: none;" />
            </div>
        </div>
    </div>
    <div style="text-align: center; font-size: 14px; padding: 20px;">

        <div>
            <img style="width: 450px; max-width: 100%;" src="https://img1a.flixcart.com/www/linchpin/fk-cp-zion/img/error-500_f9bbb4.png"
                id="IMG_3" alt='' />
            <div style="font-size: 1.3em; padding-top: 10px; margin-bottom: 35px">Unfortunately the page you are looking
                for has been moved or deleted</div>
            <a href="/" class="button">GO TO HOMEPAGE</a>
        </div>
    </div>

</body>

</html>
	at ai.iamneo.testing.Testing_Selenium_TestNg.AppTest.beforeTest(AppTest.java:22)
Caused by: org.openqa.selenium.json.JsonException: 
Unable to parse: <!DOCTYPE html>
<html>

<head>
    <title>Online Shopping India Mobile, Cameras, Lifestyle & more Online @ Flipkart.com</title>
    <meta http-equiv="X-UA-Compatible" content="IE=edge">
    <meta name="viewport" content="width=device-width,minimum-scale=1,user-scalable=no">
    <style type="text/css">
        html,
        body {
            font-family: Roboto, Arial, sans-serif;
            height: 100%;
            margin: 0;
        }

        .button {
            background-color: #2874f0;
            color: #fff;
            padding: 10px 20px;
            text-align: center;
            box-shadow: 0 2px 4px 0 rgba(0, 0, 0, .2);
            cursor: pointer;
            font-size: 16px;
            margin-top: 25px;
            border-radius: 2px;
            text-decoration: none;
        }
    </style>
</head>

<body>
    <div style="background-color:#2874f0; height:78px; text-align:center;">
        <div style="width: 100%; margin: 0 auto; padding-top: 2px; text-align:left;">
            <div style="margin-top: 15px; text-align: center">
                <img width="149" src="http://img1a.flixcart.com/www/linchpin/fk-cp-zion/img/fk-logo_9fddff.png" style="border: none;" />
            </div>
        </div>
    </div>
    <div style="text-align: center; font-size: 14px; padding: 20px;">

        <div>
            <img style="width: 450px; max-width: 100%;" src="https://img1a.flixcart.com/www/linchpin/fk-cp-zion/img/error-500_f9bbb4.png"
                id="IMG_3" alt='' />
            <div style="font-size: 1.3em; padding-top: 10px; margin-bottom: 35px">Unfortunately the page you are looking
                for has been moved or deleted</div>
            <a href="/" class="button">GO TO HOMEPAGE</a>
        </div>
    </div>

</body>

</html>
	at ai.iamneo.testing.Testing_Selenium_TestNg.AppTest.beforeTest(AppTest.java:22)
Caused by: org.openqa.selenium.json.JsonException: 
Unable to determine type from: <. Last 1 characters read: <
Build info: version: '4.1.0', revision: '87802e897b'
System info: host: 'dffbcddeeedfddfddddfcafbccaefccb-0', ip: '10.80.4.92', os.name: 'Linux', os.arch: 'amd64', os.version: '5.15.107+', java.version: '11.0.18'
Driver info: driver.version: RemoteWebDriver
	at ai.iamneo.testing.Testing_Selenium_TestNg.AppTest.beforeTest(AppTest.java:22)

