<?xml version="1.0" encoding="UTF-8"?>
<testng-results ignored="0" total="2" passed="0" failed="0" skipped="2">
  <reporter-output>
  </reporter-output>
  <suite started-at="2023-08-14T06:29:27 UTC" name="Suite" finished-at="2023-08-14T06:29:29 UTC" duration-ms="1425">
    <groups>
    </groups>
    <test started-at="2023-08-14T06:29:27 UTC" name="Test" finished-at="2023-08-14T06:29:29 UTC" duration-ms="1425">
      <class name="ai.iamneo.testing.Testing_Selenium_TestNg.AppTest">
        <test-method is-config="true" signature="beforeTest()[pri:0, instance:ai.iamneo.testing.Testing_Selenium_TestNg.AppTest@2928854b]" started-at="2023-08-14T06:29:27 UTC" name="beforeTest" finished-at="2023-08-14T06:29:29 UTC" duration-ms="1384" status="FAIL">
          <exception class="org.openqa.selenium.SessionNotCreatedException">
            <message>
              <![CDATA[Could not start a new session. Unable to parse remote response: <!DOCTYPE html>
<html>

<head>
    <title>Online Shopping India Mobile, Cameras, Lifestyle & more Online @ Flipkart.com</title>
    <meta http-equiv="X-UA-Compatible" content="IE=edge">
    <meta name="viewport" content="width=device-width,minimum-scale=1,user-scalable=no">
    <style type="text/css">
        html,
        body {
            font-family: Roboto, Arial, sans-serif;
            height: 100%;
            margin: 0;
        }

        .button {
            background-color: #2874f0;
            color: #fff;
            padding: 10px 20px;
            text-align: center;
            box-shadow: 0 2px 4px 0 rgba(0, 0, 0, .2);
            cursor: pointer;
            font-size: 16px;
            margin-top: 25px;
            border-radius: 2px;
            text-decoration: none;
        }
    </style>
</head>

<body>
    <div style="background-color:#2874f0; height:78px; text-align:center;">
        <div style="width: 100%; margin: 0 auto; padding-top: 2px; text-align:left;">
            <div style="margin-top: 15px; text-align: center">
                <img width="149" src="http://img1a.flixcart.com/www/linchpin/fk-cp-zion/img/fk-logo_9fddff.png" style="border: none;" />
            </div>
        </div>
    </div>
    <div style="text-align: center; font-size: 14px; padding: 20px;">

        <div>
            <img style="width: 450px; max-width: 100%;" src="https://img1a.flixcart.com/www/linchpin/fk-cp-zion/img/error-500_f9bbb4.png"
                id="IMG_3" alt='' />
            <div style="font-size: 1.3em; padding-top: 10px; margin-bottom: 35px">Unfortunately the page you are looking
                for has been moved or deleted</div>
            <a href="/" class="button">GO TO HOMEPAGE</a>
        </div>
    </div>

</body>

</html>]]>
            </message>
            <full-stacktrace>
              <![CDATA[org.openqa.selenium.SessionNotCreatedException: Could not start a new session. Unable to parse remote response: <!DOCTYPE html>
<html>

<head>
    <title>Online Shopping India Mobile, Cameras, Lifestyle & more Online @ Flipkart.com</title>
    <meta http-equiv="X-UA-Compatible" content="IE=edge">
    <meta name="viewport" content="width=device-width,minimum-scale=1,user-scalable=no">
    <style type="text/css">
        html,
        body {
            font-family: Roboto, Arial, sans-serif;
            height: 100%;
            margin: 0;
        }

        .button {
            background-color: #2874f0;
            color: #fff;
            padding: 10px 20px;
            text-align: center;
            box-shadow: 0 2px 4px 0 rgba(0, 0, 0, .2);
            cursor: pointer;
            font-size: 16px;
            margin-top: 25px;
            border-radius: 2px;
            text-decoration: none;
        }
    </style>
</head>

<body>
    <div style="background-color:#2874f0; height:78px; text-align:center;">
        <div style="width: 100%; margin: 0 auto; padding-top: 2px; text-align:left;">
            <div style="margin-top: 15px; text-align: center">
                <img width="149" src="http://img1a.flixcart.com/www/linchpin/fk-cp-zion/img/fk-logo_9fddff.png" style="border: none;" />
            </div>
        </div>
    </div>
    <div style="text-align: center; font-size: 14px; padding: 20px;">

        <div>
            <img style="width: 450px; max-width: 100%;" src="https://img1a.flixcart.com/www/linchpin/fk-cp-zion/img/error-500_f9bbb4.png"
                id="IMG_3" alt='' />
            <div style="font-size: 1.3em; padding-top: 10px; margin-bottom: 35px">Unfortunately the page you are looking
                for has been moved or deleted</div>
            <a href="/" class="button">GO TO HOMEPAGE</a>
        </div>
    </div>

</body>

</html>
at org.openqa.selenium.remote.ProtocolHandshake.createSession(ProtocolHandshake.java:112)
at org.openqa.selenium.remote.ProtocolHandshake.createSession(ProtocolHandshake.java:84)
at org.openqa.selenium.remote.ProtocolHandshake.createSession(ProtocolHandshake.java:62)
at org.openqa.selenium.remote.HttpCommandExecutor.execute(HttpCommandExecutor.java:156)
at org.openqa.selenium.remote.TracedCommandExecutor.execute(TracedCommandExecutor.java:50)
at org.openqa.selenium.remote.RemoteWebDriver.execute(RemoteWebDriver.java:559)
at org.openqa.selenium.remote.RemoteWebDriver.startSession(RemoteWebDriver.java:246)
at org.openqa.selenium.remote.RemoteWebDriver.<init>(RemoteWebDriver.java:168)
at org.openqa.selenium.remote.RemoteWebDriver.<init>(RemoteWebDriver.java:146)
at ai.iamneo.testing.Testing_Selenium_TestNg.AppTest.beforeTest(AppTest.java:22)
at java.base/jdk.internal.reflect.NativeMethodAccessorImpl.invoke0(Native Method)
at java.base/jdk.internal.reflect.NativeMethodAccessorImpl.invoke(NativeMethodAccessorImpl.java:62)
at java.base/jdk.internal.reflect.DelegatingMethodAccessorImpl.invoke(DelegatingMethodAccessorImpl.java:43)
at java.base/java.lang.reflect.Method.invoke(Method.java:566)
at org.testng.internal.MethodInvocationHelper.invokeMethod(MethodInvocationHelper.java:133)
at org.testng.internal.MethodInvocationHelper.invokeMethodConsideringTimeout(MethodInvocationHelper.java:62)
at org.testng.internal.ConfigInvoker.invokeConfigurationMethod(ConfigInvoker.java:385)
at org.testng.internal.ConfigInvoker.invokeConfigurations(ConfigInvoker.java:321)
at org.testng.TestRunner.invokeTestConfigurations(TestRunner.java:637)
at org.testng.TestRunner.beforeRun(TestRunner.java:627)
at org.testng.TestRunner.run(TestRunner.java:589)
at org.testng.SuiteRunner.runTest(SuiteRunner.java:377)
at org.testng.SuiteRunner.runSequentially(SuiteRunner.java:371)
at org.testng.SuiteRunner.privateRun(SuiteRunner.java:332)
at org.testng.SuiteRunner.run(SuiteRunner.java:276)
at org.testng.SuiteRunnerWorker.runSuite(SuiteRunnerWorker.java:53)
at org.testng.SuiteRunnerWorker.run(SuiteRunnerWorker.java:96)
at org.testng.TestNG.runSuitesSequentially(TestNG.java:1212)
at org.testng.TestNG.runSuitesLocally(TestNG.java:1134)
at org.testng.TestNG.runSuites(TestNG.java:1063)
at org.testng.TestNG.run(TestNG.java:1031)
at org.apache.maven.surefire.testng.TestNGExecutor.run(TestNGExecutor.java:284)
at org.apache.maven.surefire.testng.TestNGXmlTestSuite.execute(TestNGXmlTestSuite.java:75)
at org.apache.maven.surefire.testng.TestNGProvider.invoke(TestNGProvider.java:119)
at org.apache.maven.surefire.booter.ForkedBooter.runSuitesInProcess(ForkedBooter.java:428)
at org.apache.maven.surefire.booter.ForkedBooter.execute(ForkedBooter.java:162)
at org.apache.maven.surefire.booter.ForkedBooter.run(ForkedBooter.java:562)
at org.apache.maven.surefire.booter.ForkedBooter.main(ForkedBooter.java:548)
Caused by: org.openqa.selenium.json.JsonException: Unable to parse: <!DOCTYPE html>
<html>

<head>
    <title>Online Shopping India Mobile, Cameras, Lifestyle & more Online @ Flipkart.com</title>
    <meta http-equiv="X-UA-Compatible" content="IE=edge">
    <meta name="viewport" content="width=device-width,minimum-scale=1,user-scalable=no">
    <style type="text/css">
        html,
        body {
            font-family: Roboto, Arial, sans-serif;
            height: 100%;
            margin: 0;
        }

        .button {
            background-color: #2874f0;
            color: #fff;
            padding: 10px 20px;
            text-align: center;
            box-shadow: 0 2px 4px 0 rgba(0, 0, 0, .2);
            cursor: pointer;
            font-size: 16px;
            margin-top: 25px;
            border-radius: 2px;
            text-decoration: none;
        }
    </style>
</head>

<body>
    <div style="background-color:#2874f0; height:78px; text-align:center;">
        <div style="width: 100%; margin: 0 auto; padding-top: 2px; text-align:left;">
            <div style="margin-top: 15px; text-align: center">
                <img width="149" src="http://img1a.flixcart.com/www/linchpin/fk-cp-zion/img/fk-logo_9fddff.png" style="border: none;" />
            </div>
        </div>
    </div>
    <div style="text-align: center; font-size: 14px; padding: 20px;">

        <div>
            <img style="width: 450px; max-width: 100%;" src="https://img1a.flixcart.com/www/linchpin/fk-cp-zion/img/error-500_f9bbb4.png"
                id="IMG_3" alt='' />
            <div style="font-size: 1.3em; padding-top: 10px; margin-bottom: 35px">Unfortunately the page you are looking
                for has been moved or deleted</div>
            <a href="/" class="button">GO TO HOMEPAGE</a>
        </div>
    </div>

</body>

</html>
at org.openqa.selenium.json.Json.toType(Json.java:57)
at org.openqa.selenium.json.Json.toType(Json.java:50)
at org.openqa.selenium.remote.ProtocolHandshake.createSession(ProtocolHandshake.java:109)
... 37 more
Caused by: org.openqa.selenium.json.JsonException: Unable to determine type from: <. Last 1 characters read: <
Build info: version: '4.1.0', revision: '87802e897b'
System info: host: 'dffbcddeeedfddfddddfcafbccaefccb-0', ip: '10.80.4.92', os.name: 'Linux', os.arch: 'amd64', os.version: '5.15.107+', java.version: '11.0.18'
Driver info: driver.version: RemoteWebDriver
at org.openqa.selenium.json.JsonInput.peek(JsonInput.java:126)
at org.openqa.selenium.json.JsonTypeCoercer.lambda$buildCoercer$6(JsonTypeCoercer.java:141)
at org.openqa.selenium.json.JsonTypeCoercer.coerce(JsonTypeCoercer.java:127)
at org.openqa.selenium.json.Json.toType(Json.java:71)
at org.openqa.selenium.json.Json.toType(Json.java:55)
... 39 more
]]>
            </full-stacktrace>
          </exception> <!-- org.openqa.selenium.SessionNotCreatedException -->
          <reporter-output>
          </reporter-output>
        </test-method> <!-- beforeTest -->
        <test-method signature="testcase_1()[pri:0, instance:ai.iamneo.testing.Testing_Selenium_TestNg.AppTest@2928854b]" started-at="2023-08-14T06:29:29 UTC" name="testcase_1" finished-at="2023-08-14T06:29:29 UTC" duration-ms="0" status="SKIP">
          <exception class="org.openqa.selenium.SessionNotCreatedException">
            <message>
              <![CDATA[Could not start a new session. Unable to parse remote response: <!DOCTYPE html>
<html>

<head>
    <title>Online Shopping India Mobile, Cameras, Lifestyle & more Online @ Flipkart.com</title>
    <meta http-equiv="X-UA-Compatible" content="IE=edge">
    <meta name="viewport" content="width=device-width,minimum-scale=1,user-scalable=no">
    <style type="text/css">
        html,
        body {
            font-family: Roboto, Arial, sans-serif;
            height: 100%;
            margin: 0;
        }

        .button {
            background-color: #2874f0;
            color: #fff;
            padding: 10px 20px;
            text-align: center;
            box-shadow: 0 2px 4px 0 rgba(0, 0, 0, .2);
            cursor: pointer;
            font-size: 16px;
            margin-top: 25px;
            border-radius: 2px;
            text-decoration: none;
        }
    </style>
</head>

<body>
    <div style="background-color:#2874f0; height:78px; text-align:center;">
        <div style="width: 100%; margin: 0 auto; padding-top: 2px; text-align:left;">
            <div style="margin-top: 15px; text-align: center">
                <img width="149" src="http://img1a.flixcart.com/www/linchpin/fk-cp-zion/img/fk-logo_9fddff.png" style="border: none;" />
            </div>
        </div>
    </div>
    <div style="text-align: center; font-size: 14px; padding: 20px;">

        <div>
            <img style="width: 450px; max-width: 100%;" src="https://img1a.flixcart.com/www/linchpin/fk-cp-zion/img/error-500_f9bbb4.png"
                id="IMG_3" alt='' />
            <div style="font-size: 1.3em; padding-top: 10px; margin-bottom: 35px">Unfortunately the page you are looking
                for has been moved or deleted</div>
            <a href="/" class="button">GO TO HOMEPAGE</a>
        </div>
    </div>

</body>

</html>]]>
            </message>
            <full-stacktrace>
              <![CDATA[org.openqa.selenium.SessionNotCreatedException: Could not start a new session. Unable to parse remote response: <!DOCTYPE html>
<html>

<head>
    <title>Online Shopping India Mobile, Cameras, Lifestyle & more Online @ Flipkart.com</title>
    <meta http-equiv="X-UA-Compatible" content="IE=edge">
    <meta name="viewport" content="width=device-width,minimum-scale=1,user-scalable=no">
    <style type="text/css">
        html,
        body {
            font-family: Roboto, Arial, sans-serif;
            height: 100%;
            margin: 0;
        }

        .button {
            background-color: #2874f0;
            color: #fff;
            padding: 10px 20px;
            text-align: center;
            box-shadow: 0 2px 4px 0 rgba(0, 0, 0, .2);
            cursor: pointer;
            font-size: 16px;
            margin-top: 25px;
            border-radius: 2px;
            text-decoration: none;
        }
    </style>
</head>

<body>
    <div style="background-color:#2874f0; height:78px; text-align:center;">
        <div style="width: 100%; margin: 0 auto; padding-top: 2px; text-align:left;">
            <div style="margin-top: 15px; text-align: center">
                <img width="149" src="http://img1a.flixcart.com/www/linchpin/fk-cp-zion/img/fk-logo_9fddff.png" style="border: none;" />
            </div>
        </div>
    </div>
    <div style="text-align: center; font-size: 14px; padding: 20px;">

        <div>
            <img style="width: 450px; max-width: 100%;" src="https://img1a.flixcart.com/www/linchpin/fk-cp-zion/img/error-500_f9bbb4.png"
                id="IMG_3" alt='' />
            <div style="font-size: 1.3em; padding-top: 10px; margin-bottom: 35px">Unfortunately the page you are looking
                for has been moved or deleted</div>
            <a href="/" class="button">GO TO HOMEPAGE</a>
        </div>
    </div>

</body>

</html>
at org.openqa.selenium.remote.ProtocolHandshake.createSession(ProtocolHandshake.java:112)
at org.openqa.selenium.remote.ProtocolHandshake.createSession(ProtocolHandshake.java:84)
at org.openqa.selenium.remote.ProtocolHandshake.createSession(ProtocolHandshake.java:62)
at org.openqa.selenium.remote.HttpCommandExecutor.execute(HttpCommandExecutor.java:156)
at org.openqa.selenium.remote.TracedCommandExecutor.execute(TracedCommandExecutor.java:50)
at org.openqa.selenium.remote.RemoteWebDriver.execute(RemoteWebDriver.java:559)
at org.openqa.selenium.remote.RemoteWebDriver.startSession(RemoteWebDriver.java:246)
at org.openqa.selenium.remote.RemoteWebDriver.<init>(RemoteWebDriver.java:168)
at org.openqa.selenium.remote.RemoteWebDriver.<init>(RemoteWebDriver.java:146)
at ai.iamneo.testing.Testing_Selenium_TestNg.AppTest.beforeTest(AppTest.java:22)
at java.base/jdk.internal.reflect.NativeMethodAccessorImpl.invoke0(Native Method)
at java.base/jdk.internal.reflect.NativeMethodAccessorImpl.invoke(NativeMethodAccessorImpl.java:62)
at java.base/jdk.internal.reflect.DelegatingMethodAccessorImpl.invoke(DelegatingMethodAccessorImpl.java:43)
at java.base/java.lang.reflect.Method.invoke(Method.java:566)
at org.testng.internal.MethodInvocationHelper.invokeMethod(MethodInvocationHelper.java:133)
at org.testng.internal.MethodInvocationHelper.invokeMethodConsideringTimeout(MethodInvocationHelper.java:62)
at org.testng.internal.ConfigInvoker.invokeConfigurationMethod(ConfigInvoker.java:385)
at org.testng.internal.ConfigInvoker.invokeConfigurations(ConfigInvoker.java:321)
at org.testng.TestRunner.invokeTestConfigurations(TestRunner.java:637)
at org.testng.TestRunner.beforeRun(TestRunner.java:627)
at org.testng.TestRunner.run(TestRunner.java:589)
at org.testng.SuiteRunner.runTest(SuiteRunner.java:377)
at org.testng.SuiteRunner.runSequentially(SuiteRunner.java:371)
at org.testng.SuiteRunner.privateRun(SuiteRunner.java:332)
at org.testng.SuiteRunner.run(SuiteRunner.java:276)
at org.testng.SuiteRunnerWorker.runSuite(SuiteRunnerWorker.java:53)
at org.testng.SuiteRunnerWorker.run(SuiteRunnerWorker.java:96)
at org.testng.TestNG.runSuitesSequentially(TestNG.java:1212)
at org.testng.TestNG.runSuitesLocally(TestNG.java:1134)
at org.testng.TestNG.runSuites(TestNG.java:1063)
at org.testng.TestNG.run(TestNG.java:1031)
at org.apache.maven.surefire.testng.TestNGExecutor.run(TestNGExecutor.java:284)
at org.apache.maven.surefire.testng.TestNGXmlTestSuite.execute(TestNGXmlTestSuite.java:75)
at org.apache.maven.surefire.testng.TestNGProvider.invoke(TestNGProvider.java:119)
at org.apache.maven.surefire.booter.ForkedBooter.runSuitesInProcess(ForkedBooter.java:428)
at org.apache.maven.surefire.booter.ForkedBooter.execute(ForkedBooter.java:162)
at org.apache.maven.surefire.booter.ForkedBooter.run(ForkedBooter.java:562)
at org.apache.maven.surefire.booter.ForkedBooter.main(ForkedBooter.java:548)
Caused by: org.openqa.selenium.json.JsonException: Unable to parse: <!DOCTYPE html>
<html>

<head>
    <title>Online Shopping India Mobile, Cameras, Lifestyle & more Online @ Flipkart.com</title>
    <meta http-equiv="X-UA-Compatible" content="IE=edge">
    <meta name="viewport" content="width=device-width,minimum-scale=1,user-scalable=no">
    <style type="text/css">
        html,
        body {
            font-family: Roboto, Arial, sans-serif;
            height: 100%;
            margin: 0;
        }

        .button {
            background-color: #2874f0;
            color: #fff;
            padding: 10px 20px;
            text-align: center;
            box-shadow: 0 2px 4px 0 rgba(0, 0, 0, .2);
            cursor: pointer;
            font-size: 16px;
            margin-top: 25px;
            border-radius: 2px;
            text-decoration: none;
        }
    </style>
</head>

<body>
    <div style="background-color:#2874f0; height:78px; text-align:center;">
        <div style="width: 100%; margin: 0 auto; padding-top: 2px; text-align:left;">
            <div style="margin-top: 15px; text-align: center">
                <img width="149" src="http://img1a.flixcart.com/www/linchpin/fk-cp-zion/img/fk-logo_9fddff.png" style="border: none;" />
            </div>
        </div>
    </div>
    <div style="text-align: center; font-size: 14px; padding: 20px;">

        <div>
            <img style="width: 450px; max-width: 100%;" src="https://img1a.flixcart.com/www/linchpin/fk-cp-zion/img/error-500_f9bbb4.png"
                id="IMG_3" alt='' />
            <div style="font-size: 1.3em; padding-top: 10px; margin-bottom: 35px">Unfortunately the page you are looking
                for has been moved or deleted</div>
            <a href="/" class="button">GO TO HOMEPAGE</a>
        </div>
    </div>

</body>

</html>
at org.openqa.selenium.json.Json.toType(Json.java:57)
at org.openqa.selenium.json.Json.toType(Json.java:50)
at org.openqa.selenium.remote.ProtocolHandshake.createSession(ProtocolHandshake.java:109)
... 37 more
Caused by: org.openqa.selenium.json.JsonException: Unable to determine type from: <. Last 1 characters read: <
Build info: version: '4.1.0', revision: '87802e897b'
System info: host: 'dffbcddeeedfddfddddfcafbccaefccb-0', ip: '10.80.4.92', os.name: 'Linux', os.arch: 'amd64', os.version: '5.15.107+', java.version: '11.0.18'
Driver info: driver.version: RemoteWebDriver
at org.openqa.selenium.json.JsonInput.peek(JsonInput.java:126)
at org.openqa.selenium.json.JsonTypeCoercer.lambda$buildCoercer$6(JsonTypeCoercer.java:141)
at org.openqa.selenium.json.JsonTypeCoercer.coerce(JsonTypeCoercer.java:127)
at org.openqa.selenium.json.Json.toType(Json.java:71)
at org.openqa.selenium.json.Json.toType(Json.java:55)
... 39 more
]]>
            </full-stacktrace>
          </exception> <!-- org.openqa.selenium.SessionNotCreatedException -->
          <reporter-output>
          </reporter-output>
        </test-method> <!-- testcase_1 -->
        <test-method signature="testcase_2()[pri:0, instance:ai.iamneo.testing.Testing_Selenium_TestNg.AppTest@2928854b]" started-at="2023-08-14T06:29:29 UTC" name="testcase_2" finished-at="2023-08-14T06:29:29 UTC" duration-ms="0" status="SKIP">
          <exception class="org.openqa.selenium.SessionNotCreatedException">
            <message>
              <![CDATA[Could not start a new session. Unable to parse remote response: <!DOCTYPE html>
<html>

<head>
    <title>Online Shopping India Mobile, Cameras, Lifestyle & more Online @ Flipkart.com</title>
    <meta http-equiv="X-UA-Compatible" content="IE=edge">
    <meta name="viewport" content="width=device-width,minimum-scale=1,user-scalable=no">
    <style type="text/css">
        html,
        body {
            font-family: Roboto, Arial, sans-serif;
            height: 100%;
            margin: 0;
        }

        .button {
            background-color: #2874f0;
            color: #fff;
            padding: 10px 20px;
            text-align: center;
            box-shadow: 0 2px 4px 0 rgba(0, 0, 0, .2);
            cursor: pointer;
            font-size: 16px;
            margin-top: 25px;
            border-radius: 2px;
            text-decoration: none;
        }
    </style>
</head>

<body>
    <div style="background-color:#2874f0; height:78px; text-align:center;">
        <div style="width: 100%; margin: 0 auto; padding-top: 2px; text-align:left;">
            <div style="margin-top: 15px; text-align: center">
                <img width="149" src="http://img1a.flixcart.com/www/linchpin/fk-cp-zion/img/fk-logo_9fddff.png" style="border: none;" />
            </div>
        </div>
    </div>
    <div style="text-align: center; font-size: 14px; padding: 20px;">

        <div>
            <img style="width: 450px; max-width: 100%;" src="https://img1a.flixcart.com/www/linchpin/fk-cp-zion/img/error-500_f9bbb4.png"
                id="IMG_3" alt='' />
            <div style="font-size: 1.3em; padding-top: 10px; margin-bottom: 35px">Unfortunately the page you are looking
                for has been moved or deleted</div>
            <a href="/" class="button">GO TO HOMEPAGE</a>
        </div>
    </div>

</body>

</html>]]>
            </message>
            <full-stacktrace>
              <![CDATA[org.openqa.selenium.SessionNotCreatedException: Could not start a new session. Unable to parse remote response: <!DOCTYPE html>
<html>

<head>
    <title>Online Shopping India Mobile, Cameras, Lifestyle & more Online @ Flipkart.com</title>
    <meta http-equiv="X-UA-Compatible" content="IE=edge">
    <meta name="viewport" content="width=device-width,minimum-scale=1,user-scalable=no">
    <style type="text/css">
        html,
        body {
            font-family: Roboto, Arial, sans-serif;
            height: 100%;
            margin: 0;
        }

        .button {
            background-color: #2874f0;
            color: #fff;
            padding: 10px 20px;
            text-align: center;
            box-shadow: 0 2px 4px 0 rgba(0, 0, 0, .2);
            cursor: pointer;
            font-size: 16px;
            margin-top: 25px;
            border-radius: 2px;
            text-decoration: none;
        }
    </style>
</head>

<body>
    <div style="background-color:#2874f0; height:78px; text-align:center;">
        <div style="width: 100%; margin: 0 auto; padding-top: 2px; text-align:left;">
            <div style="margin-top: 15px; text-align: center">
                <img width="149" src="http://img1a.flixcart.com/www/linchpin/fk-cp-zion/img/fk-logo_9fddff.png" style="border: none;" />
            </div>
        </div>
    </div>
    <div style="text-align: center; font-size: 14px; padding: 20px;">

        <div>
            <img style="width: 450px; max-width: 100%;" src="https://img1a.flixcart.com/www/linchpin/fk-cp-zion/img/error-500_f9bbb4.png"
                id="IMG_3" alt='' />
            <div style="font-size: 1.3em; padding-top: 10px; margin-bottom: 35px">Unfortunately the page you are looking
                for has been moved or deleted</div>
            <a href="/" class="button">GO TO HOMEPAGE</a>
        </div>
    </div>

</body>

</html>
at org.openqa.selenium.remote.ProtocolHandshake.createSession(ProtocolHandshake.java:112)
at org.openqa.selenium.remote.ProtocolHandshake.createSession(ProtocolHandshake.java:84)
at org.openqa.selenium.remote.ProtocolHandshake.createSession(ProtocolHandshake.java:62)
at org.openqa.selenium.remote.HttpCommandExecutor.execute(HttpCommandExecutor.java:156)
at org.openqa.selenium.remote.TracedCommandExecutor.execute(TracedCommandExecutor.java:50)
at org.openqa.selenium.remote.RemoteWebDriver.execute(RemoteWebDriver.java:559)
at org.openqa.selenium.remote.RemoteWebDriver.startSession(RemoteWebDriver.java:246)
at org.openqa.selenium.remote.RemoteWebDriver.<init>(RemoteWebDriver.java:168)
at org.openqa.selenium.remote.RemoteWebDriver.<init>(RemoteWebDriver.java:146)
at ai.iamneo.testing.Testing_Selenium_TestNg.AppTest.beforeTest(AppTest.java:22)
at java.base/jdk.internal.reflect.NativeMethodAccessorImpl.invoke0(Native Method)
at java.base/jdk.internal.reflect.NativeMethodAccessorImpl.invoke(NativeMethodAccessorImpl.java:62)
at java.base/jdk.internal.reflect.DelegatingMethodAccessorImpl.invoke(DelegatingMethodAccessorImpl.java:43)
at java.base/java.lang.reflect.Method.invoke(Method.java:566)
at org.testng.internal.MethodInvocationHelper.invokeMethod(MethodInvocationHelper.java:133)
at org.testng.internal.MethodInvocationHelper.invokeMethodConsideringTimeout(MethodInvocationHelper.java:62)
at org.testng.internal.ConfigInvoker.invokeConfigurationMethod(ConfigInvoker.java:385)
at org.testng.internal.ConfigInvoker.invokeConfigurations(ConfigInvoker.java:321)
at org.testng.TestRunner.invokeTestConfigurations(TestRunner.java:637)
at org.testng.TestRunner.beforeRun(TestRunner.java:627)
at org.testng.TestRunner.run(TestRunner.java:589)
at org.testng.SuiteRunner.runTest(SuiteRunner.java:377)
at org.testng.SuiteRunner.runSequentially(SuiteRunner.java:371)
at org.testng.SuiteRunner.privateRun(SuiteRunner.java:332)
at org.testng.SuiteRunner.run(SuiteRunner.java:276)
at org.testng.SuiteRunnerWorker.runSuite(SuiteRunnerWorker.java:53)
at org.testng.SuiteRunnerWorker.run(SuiteRunnerWorker.java:96)
at org.testng.TestNG.runSuitesSequentially(TestNG.java:1212)
at org.testng.TestNG.runSuitesLocally(TestNG.java:1134)
at org.testng.TestNG.runSuites(TestNG.java:1063)
at org.testng.TestNG.run(TestNG.java:1031)
at org.apache.maven.surefire.testng.TestNGExecutor.run(TestNGExecutor.java:284)
at org.apache.maven.surefire.testng.TestNGXmlTestSuite.execute(TestNGXmlTestSuite.java:75)
at org.apache.maven.surefire.testng.TestNGProvider.invoke(TestNGProvider.java:119)
at org.apache.maven.surefire.booter.ForkedBooter.runSuitesInProcess(ForkedBooter.java:428)
at org.apache.maven.surefire.booter.ForkedBooter.execute(ForkedBooter.java:162)
at org.apache.maven.surefire.booter.ForkedBooter.run(ForkedBooter.java:562)
at org.apache.maven.surefire.booter.ForkedBooter.main(ForkedBooter.java:548)
Caused by: org.openqa.selenium.json.JsonException: Unable to parse: <!DOCTYPE html>
<html>

<head>
    <title>Online Shopping India Mobile, Cameras, Lifestyle & more Online @ Flipkart.com</title>
    <meta http-equiv="X-UA-Compatible" content="IE=edge">
    <meta name="viewport" content="width=device-width,minimum-scale=1,user-scalable=no">
    <style type="text/css">
        html,
        body {
            font-family: Roboto, Arial, sans-serif;
            height: 100%;
            margin: 0;
        }

        .button {
            background-color: #2874f0;
            color: #fff;
            padding: 10px 20px;
            text-align: center;
            box-shadow: 0 2px 4px 0 rgba(0, 0, 0, .2);
            cursor: pointer;
            font-size: 16px;
            margin-top: 25px;
            border-radius: 2px;
            text-decoration: none;
        }
    </style>
</head>

<body>
    <div style="background-color:#2874f0; height:78px; text-align:center;">
        <div style="width: 100%; margin: 0 auto; padding-top: 2px; text-align:left;">
            <div style="margin-top: 15px; text-align: center">
                <img width="149" src="http://img1a.flixcart.com/www/linchpin/fk-cp-zion/img/fk-logo_9fddff.png" style="border: none;" />
            </div>
        </div>
    </div>
    <div style="text-align: center; font-size: 14px; padding: 20px;">

        <div>
            <img style="width: 450px; max-width: 100%;" src="https://img1a.flixcart.com/www/linchpin/fk-cp-zion/img/error-500_f9bbb4.png"
                id="IMG_3" alt='' />
            <div style="font-size: 1.3em; padding-top: 10px; margin-bottom: 35px">Unfortunately the page you are looking
                for has been moved or deleted</div>
            <a href="/" class="button">GO TO HOMEPAGE</a>
        </div>
    </div>

</body>

</html>
at org.openqa.selenium.json.Json.toType(Json.java:57)
at org.openqa.selenium.json.Json.toType(Json.java:50)
at org.openqa.selenium.remote.ProtocolHandshake.createSession(ProtocolHandshake.java:109)
... 37 more
Caused by: org.openqa.selenium.json.JsonException: Unable to determine type from: <. Last 1 characters read: <
Build info: version: '4.1.0', revision: '87802e897b'
System info: host: 'dffbcddeeedfddfddddfcafbccaefccb-0', ip: '10.80.4.92', os.name: 'Linux', os.arch: 'amd64', os.version: '5.15.107+', java.version: '11.0.18'
Driver info: driver.version: RemoteWebDriver
at org.openqa.selenium.json.JsonInput.peek(JsonInput.java:126)
at org.openqa.selenium.json.JsonTypeCoercer.lambda$buildCoercer$6(JsonTypeCoercer.java:141)
at org.openqa.selenium.json.JsonTypeCoercer.coerce(JsonTypeCoercer.java:127)
at org.openqa.selenium.json.Json.toType(Json.java:71)
at org.openqa.selenium.json.Json.toType(Json.java:55)
... 39 more
]]>
            </full-stacktrace>
          </exception> <!-- org.openqa.selenium.SessionNotCreatedException -->
          <reporter-output>
          </reporter-output>
        </test-method> <!-- testcase_2 -->
        <test-method is-config="true" signature="afterTest()[pri:0, instance:ai.iamneo.testing.Testing_Selenium_TestNg.AppTest@2928854b]" started-at="2023-08-14T06:29:29 UTC" name="afterTest" finished-at="1970-01-01T00:00:00 UTC" duration-ms="-1691994569044" status="SKIP">
          <reporter-output>
          </reporter-output>
        </test-method> <!-- afterTest -->
      </class> <!-- ai.iamneo.testing.Testing_Selenium_TestNg.AppTest -->
    </test> <!-- Test -->
  </suite> <!-- Suite -->
</testng-results>
