<?xml version="1.0" encoding="UTF-8"?>
<!-- Generated by org.testng.reporters.JUnitXMLReporter -->
<testsuite ignored="0" hostname="dffbcddeeedfddfddddfcafbccaefccb-0" failures="0" tests="2" name="Test" time="1.425" errors="0" timestamp="2023-08-14T06:29:29 UTC">
  <testcase classname="ai.iamneo.testing.Testing_Selenium_TestNg.AppTest" name="@BeforeTest beforeTest" time="1.384">
    <failure type="org.openqa.selenium.SessionNotCreatedException" message="Could not start a new session. Unable to parse remote response: &amp;lt;!DOCTYPE html&amp;gt;
&amp;lt;html&amp;gt;

&amp;lt;head&amp;gt;
    &amp;lt;title&amp;gt;Online Shopping India Mobile, Cameras, Lifestyle &amp;amp; more Online @ Flipkart.com&amp;lt;/title&amp;gt;
    &amp;lt;meta http-equiv=&amp;quot;X-UA-Compatible&amp;quot; content=&amp;quot;IE=edge&amp;quot;&amp;gt;
    &amp;lt;meta name=&amp;quot;viewport&amp;quot; content=&amp;quot;width=device-width,minimum-scale=1,user-scalable=no&amp;quot;&amp;gt;
    &amp;lt;style type=&amp;quot;text/css&amp;quot;&amp;gt;
        html,
        body {
            font-family: Roboto, Arial, sans-serif;
            height: 100%;
            margin: 0;
        }

        .button {
            background-color: #2874f0;
            color: #fff;
            padding: 10px 20px;
            text-align: center;
            box-shadow: 0 2px 4px 0 rgba(0, 0, 0, .2);
            cursor: pointer;
            font-size: 16px;
            margin-top: 25px;
            border-radius: 2px;
            text-decoration: none;
        }
    &amp;lt;/style&amp;gt;
&amp;lt;/head&amp;gt;

&amp;lt;body&amp;gt;
    &amp;lt;div style=&amp;quot;background-color:#2874f0; height:78px; text-align:center;&amp;quot;&amp;gt;
        &amp;lt;div style=&amp;quot;width: 100%; margin: 0 auto; padding-top: 2px; text-align:left;&amp;quot;&amp;gt;
            &amp;lt;div style=&amp;quot;margin-top: 15px; text-align: center&amp;quot;&amp;gt;
                &amp;lt;img width=&amp;quot;149&amp;quot; src=&amp;quot;http://img1a.flixcart.com/www/linchpin/fk-cp-zion/img/fk-logo_9fddff.png&amp;quot; style=&amp;quot;border: none;&amp;quot; /&amp;gt;
            &amp;lt;/div&amp;gt;
        &amp;lt;/div&amp;gt;
    &amp;lt;/div&amp;gt;
    &amp;lt;div style=&amp;quot;text-align: center; font-size: 14px; padding: 20px;&amp;quot;&amp;gt;

        &amp;lt;div&amp;gt;
            &amp;lt;img style=&amp;quot;width: 450px; max-width: 100%;&amp;quot; src=&amp;quot;https://img1a.flixcart.com/www/linchpin/fk-cp-zion/img/error-500_f9bbb4.png&amp;quot;
                id=&amp;quot;IMG_3&amp;quot; alt=&amp;apos;&amp;apos; /&amp;gt;
            &amp;lt;div style=&amp;quot;font-size: 1.3em; padding-top: 10px; margin-bottom: 35px&amp;quot;&amp;gt;Unfortunately the page you are looking
                for has been moved or deleted&amp;lt;/div&amp;gt;
            &amp;lt;a href=&amp;quot;/&amp;quot; class=&amp;quot;button&amp;quot;&amp;gt;GO TO HOMEPAGE&amp;lt;/a&amp;gt;
        &amp;lt;/div&amp;gt;
    &amp;lt;/div&amp;gt;

&amp;lt;/body&amp;gt;

&amp;lt;/html&amp;gt;">
      <![CDATA[org.openqa.selenium.SessionNotCreatedException: Could not start a new session. Unable to parse remote response: <!DOCTYPE html>
<html>

<head>
    <title>Online Shopping India Mobile, Cameras, Lifestyle & more Online @ Flipkart.com</title>
    <meta http-equiv="X-UA-Compatible" content="IE=edge">
    <meta name="viewport" content="width=device-width,minimum-scale=1,user-scalable=no">
    <style type="text/css">
        html,
        body {
            font-family: Roboto, Arial, sans-serif;
            height: 100%;
            margin: 0;
        }

        .button {
            background-color: #2874f0;
            color: #fff;
            padding: 10px 20px;
            text-align: center;
            box-shadow: 0 2px 4px 0 rgba(0, 0, 0, .2);
            cursor: pointer;
            font-size: 16px;
            margin-top: 25px;
            border-radius: 2px;
            text-decoration: none;
        }
    </style>
</head>

<body>
    <div style="background-color:#2874f0; height:78px; text-align:center;">
        <div style="width: 100%; margin: 0 auto; padding-top: 2px; text-align:left;">
            <div style="margin-top: 15px; text-align: center">
                <img width="149" src="http://img1a.flixcart.com/www/linchpin/fk-cp-zion/img/fk-logo_9fddff.png" style="border: none;" />
            </div>
        </div>
    </div>
    <div style="text-align: center; font-size: 14px; padding: 20px;">

        <div>
            <img style="width: 450px; max-width: 100%;" src="https://img1a.flixcart.com/www/linchpin/fk-cp-zion/img/error-500_f9bbb4.png"
                id="IMG_3" alt='' />
            <div style="font-size: 1.3em; padding-top: 10px; margin-bottom: 35px">Unfortunately the page you are looking
                for has been moved or deleted</div>
            <a href="/" class="button">GO TO HOMEPAGE</a>
        </div>
    </div>

</body>

</html>
at org.openqa.selenium.remote.ProtocolHandshake.createSession(ProtocolHandshake.java:112)
at org.openqa.selenium.remote.ProtocolHandshake.createSession(ProtocolHandshake.java:84)
at org.openqa.selenium.remote.ProtocolHandshake.createSession(ProtocolHandshake.java:62)
at org.openqa.selenium.remote.HttpCommandExecutor.execute(HttpCommandExecutor.java:156)
at org.openqa.selenium.remote.TracedCommandExecutor.execute(TracedCommandExecutor.java:50)
at org.openqa.selenium.remote.RemoteWebDriver.execute(RemoteWebDriver.java:559)
at org.openqa.selenium.remote.RemoteWebDriver.startSession(RemoteWebDriver.java:246)
at org.openqa.selenium.remote.RemoteWebDriver.<init>(RemoteWebDriver.java:168)
at org.openqa.selenium.remote.RemoteWebDriver.<init>(RemoteWebDriver.java:146)
at ai.iamneo.testing.Testing_Selenium_TestNg.AppTest.beforeTest(AppTest.java:22)
Caused by: org.openqa.selenium.json.JsonException: Unable to parse: <!DOCTYPE html>
<html>

<head>
    <title>Online Shopping India Mobile, Cameras, Lifestyle & more Online @ Flipkart.com</title>
    <meta http-equiv="X-UA-Compatible" content="IE=edge">
    <meta name="viewport" content="width=device-width,minimum-scale=1,user-scalable=no">
    <style type="text/css">
        html,
        body {
            font-family: Roboto, Arial, sans-serif;
            height: 100%;
            margin: 0;
        }

        .button {
            background-color: #2874f0;
            color: #fff;
            padding: 10px 20px;
            text-align: center;
            box-shadow: 0 2px 4px 0 rgba(0, 0, 0, .2);
            cursor: pointer;
            font-size: 16px;
            margin-top: 25px;
            border-radius: 2px;
            text-decoration: none;
        }
    </style>
</head>

<body>
    <div style="background-color:#2874f0; height:78px; text-align:center;">
        <div style="width: 100%; margin: 0 auto; padding-top: 2px; text-align:left;">
            <div style="margin-top: 15px; text-align: center">
                <img width="149" src="http://img1a.flixcart.com/www/linchpin/fk-cp-zion/img/fk-logo_9fddff.png" style="border: none;" />
            </div>
        </div>
    </div>
    <div style="text-align: center; font-size: 14px; padding: 20px;">

        <div>
            <img style="width: 450px; max-width: 100%;" src="https://img1a.flixcart.com/www/linchpin/fk-cp-zion/img/error-500_f9bbb4.png"
                id="IMG_3" alt='' />
            <div style="font-size: 1.3em; padding-top: 10px; margin-bottom: 35px">Unfortunately the page you are looking
                for has been moved or deleted</div>
            <a href="/" class="button">GO TO HOMEPAGE</a>
        </div>
    </div>

</body>

</html>
at org.openqa.selenium.json.Json.toType(Json.java:57)
at org.openqa.selenium.json.Json.toType(Json.java:50)
at org.openqa.selenium.remote.ProtocolHandshake.createSession(ProtocolHandshake.java:109)
... 37 more
Caused by: org.openqa.selenium.json.JsonException: Unable to determine type from: <. Last 1 characters read: <
Build info: version: '4.1.0', revision: '87802e897b'
System info: host: 'dffbcddeeedfddfddddfcafbccaefccb-0', ip: '10.80.4.92', os.name: 'Linux', os.arch: 'amd64', os.version: '5.15.107+', java.version: '11.0.18'
Driver info: driver.version: RemoteWebDriver
at org.openqa.selenium.json.JsonInput.peek(JsonInput.java:126)
at org.openqa.selenium.json.JsonTypeCoercer.lambda$buildCoercer$6(JsonTypeCoercer.java:141)
at org.openqa.selenium.json.JsonTypeCoercer.coerce(JsonTypeCoercer.java:127)
at org.openqa.selenium.json.Json.toType(Json.java:71)
at org.openqa.selenium.json.Json.toType(Json.java:55)
... 39 more
... Removed 28 stack frames]]>
    </failure>
  </testcase> <!-- @BeforeTest beforeTest -->
  <testcase classname="ai.iamneo.testing.Testing_Selenium_TestNg.AppTest" name="@AfterTest afterTest" time="-1.691994569044E9">
    <skipped/>
  </testcase> <!-- @AfterTest afterTest -->
  <testcase classname="ai.iamneo.testing.Testing_Selenium_TestNg.AppTest" name="testcase_1" time="0.0">
    <skipped/>
  </testcase> <!-- testcase_1 -->
  <testcase classname="ai.iamneo.testing.Testing_Selenium_TestNg.AppTest" name="testcase_2" time="0.0">
    <skipped/>
  </testcase> <!-- testcase_2 -->
</testsuite> <!-- Test -->
